<?xml version="1.0" encoding="UTF-8"?>
<!-- Generated by org.testng.reporters.JUnitReportReporter -->
<testsuite hostname="LAPTOP-QV4LQTL9" failures="0" tests="1" name="mainpackage.MainClass" time="4.376" errors="0" timestamp="2022-02-11T13:15:47 IST" skipped="0">
  <testcase classname="mainpackage.MainClass" name="login" time="4.376"/>
  <system-out/>
</testsuite> <!-- mainpackage.MainClass -->
